\BOOKMARK [0][-]{chapter*.3}{\315ndice de figuras}{}% 1
\BOOKMARK [0][-]{chapter.1}{Objetivos}{}% 2
\BOOKMARK [1][-]{section.1.1}{Objetivo principal}{chapter.1}% 3
\BOOKMARK [1][-]{section.1.2}{Metodolog\355a}{chapter.1}% 4
\BOOKMARK [1][-]{section.1.3}{Plan de trabajo}{chapter.1}% 5
\BOOKMARK [0][-]{chapter.2}{Infraestructura utilizada}{}% 6
\BOOKMARK [1][-]{section.2.1}{Parrot AR.Drone 2.0 }{chapter.2}% 7
\BOOKMARK [1][-]{section.2.2}{Gazebo }{chapter.2}% 8
\BOOKMARK [1][-]{section.2.3}{JdeRobot}{chapter.2}% 9
\BOOKMARK [1][-]{section.2.4}{OpenCV}{chapter.2}% 10
\BOOKMARK [0][-]{chapter.3}{Algoritmo}{}% 11
\BOOKMARK [1][-]{section.3.1}{Dise\361o}{chapter.3}% 12
\BOOKMARK [1][-]{section.3.2}{Percepci\363n}{chapter.3}% 13
\BOOKMARK [1][-]{section.3.3}{Control}{chapter.3}% 14
\BOOKMARK [1][-]{section.3.4}{Funci\363namiento del algoritmo}{chapter.3}% 15
\BOOKMARK [0][-]{chapter.4}{Experimentos}{}% 16
\BOOKMARK [1][-]{section.4.1}{Percepci\363n }{chapter.4}% 17
\BOOKMARK [1][-]{section.4.2}{Despegue}{chapter.4}% 18
\BOOKMARK [1][-]{section.4.3}{B\372squeda }{chapter.4}% 19
\BOOKMARK [1][-]{section.4.4}{Aterrizaje}{chapter.4}% 20
\BOOKMARK [1][-]{section.4.5}{Algoritmo completo}{chapter.4}% 21
\BOOKMARK [0][-]{chapter.5}{Conclusi\363nes}{}% 22
\BOOKMARK [1][-]{section.5.1}{Lineas futuras}{chapter.5}% 23
